<?xml version="1.0" encoding="UTF-8"?>
<!-- Generated by org.testng.reporters.JUnitReportReporter -->
<testsuite skipped="5" hostname="ddydeMacBook-Pro.local" name="io.terminus.dice.project.appci.CicdTest" tests="27" failures="1" timestamp="08 一月 2019 06:33:22 GMT" time="958.622" errors="0">
  <testcase name="listAddonInsInbuildTest" time="0.371" classname="io.terminus.dice.project.appci.CicdTest"/>
  <testcase name="modifySrvEnvAndResInbuildTest" time="0.182" classname="io.terminus.dice.project.appci.CicdTest"/>
  <testcase name="reStartTest" time="0.000" classname="io.terminus.dice.project.appci.CicdTest">
    <skipped/>
  </testcase> <!-- reStartTest -->
  <testcase name="showRuntimeReleaseTest" time="0.000" classname="io.terminus.dice.project.appci.CicdTest">
    <skipped/>
  </testcase> <!-- showRuntimeReleaseTest -->
  <testcase name="addCompParamInBuildTest" time="0.234" classname="io.terminus.dice.project.appci.CicdTest"/>
  <testcase name="buildStartCancelTest" time="30.411" classname="io.terminus.dice.project.appci.CicdTest"/>
  <testcase name="disableTaskInBuildTest" time="1.709" classname="io.terminus.dice.project.appci.CicdTest"/>
  <testcase name="listAddonInBuildTest" time="0.190" classname="io.terminus.dice.project.appci.CicdTest"/>
  <testcase name="queryGlobalConfInBuildTest" time="0.175" classname="io.terminus.dice.project.appci.CicdTest"/>
  <testcase name="showRuntimeDetailTest" time="0.000" classname="io.terminus.dice.project.appci.CicdTest">
    <skipped/>
  </testcase> <!-- showRuntimeDetailTest -->
  <testcase name="modifySrvEnvAndResInbuildTest" time="0.173" classname="io.terminus.dice.project.appci.CicdTest"/>
  <testcase name="addCompParamInBuildTest" time="0.291" classname="io.terminus.dice.project.appci.CicdTest"/>
  <testcase name="addAddonInBuildTest" time="0.002" classname="io.terminus.dice.project.appci.CicdTest"/>
  <testcase name="addAddonInBuildTest" time="0.206" classname="io.terminus.dice.project.appci.CicdTest"/>
  <testcase name="modifyGlobalConfInBuildTest" time="0.305" classname="io.terminus.dice.project.appci.CicdTest"/>
  <testcase name="buildListCurrentTest" time="0.383" classname="io.terminus.dice.project.appci.CicdTest"/>
  <testcase name="buildCurrentShowTest" time="0.681" classname="io.terminus.dice.project.appci.CicdTest"/>
  <testcase name="buildStartTest" time="61.099" classname="io.terminus.dice.project.appci.CicdTest"/>
  <testcase name="fetch_pre_diceTest" time="0.161" classname="io.terminus.dice.project.appci.CicdTest"/>
  <testcase name="showRuntimeAddonTest" time="0.000" classname="io.terminus.dice.project.appci.CicdTest">
    <skipped/>
  </testcase> <!-- showRuntimeAddonTest -->
  <testcase name="disableTaskInBuildTest" time="1.859" classname="io.terminus.dice.project.appci.CicdTest"/>
  <testcase name="buildBranchListTest" time="0.003" classname="io.terminus.dice.project.appci.CicdTest"/>
  <testcase name="modifyGlobalConfInBuildTest" time="0.210" classname="io.terminus.dice.project.appci.CicdTest"/>
  <testcase name="addAddonInBuildTest" time="0.002" classname="io.terminus.dice.project.appci.CicdTest"/>
  <testcase name="buildReRunTest" time="844.606" classname="io.terminus.dice.project.appci.CicdTest">
    <failure type="java.lang.AssertionError" message="
Expected: a value greater than &lt;0&gt;
     but: &lt;0&gt; was equal to &lt;0&gt;">
      <![CDATA[java.lang.AssertionError: 
Expected: a value greater than <0>
     but: <0> was equal to <0>
at org.hamcrest.MatcherAssert.assertThat(MatcherAssert.java:20)
at org.hamcrest.MatcherAssert.assertThat(MatcherAssert.java:8)
at io.terminus.dice.common.TestUtil.checkRuntimeByBuildid(TestUtil.java:299)
at io.terminus.dice.project.appci.CicdTest.buildReRunTest(CicdTest.java:769)
at sun.reflect.NativeMethodAccessorImpl.invoke0(Native Method)
at sun.reflect.NativeMethodAccessorImpl.invoke(NativeMethodAccessorImpl.java:62)
at sun.reflect.DelegatingMethodAccessorImpl.invoke(DelegatingMethodAccessorImpl.java:43)
at java.lang.reflect.Method.invoke(Method.java:498)
at org.testng.internal.MethodInvocationHelper.invokeMethod(MethodInvocationHelper.java:124)
at org.testng.internal.Invoker.invokeMethod(Invoker.java:580)
at org.testng.internal.Invoker.invokeTestMethod(Invoker.java:716)
at org.testng.internal.Invoker.invokeTestMethods(Invoker.java:988)
at org.testng.internal.TestMethodWorker.invokeTestMethods(TestMethodWorker.java:125)
at org.testng.internal.TestMethodWorker.run(TestMethodWorker.java:109)
at org.testng.TestRunner.privateRun(TestRunner.java:648)
at org.testng.TestRunner.run(TestRunner.java:505)
at org.testng.SuiteRunner.runTest(SuiteRunner.java:455)
at org.testng.SuiteRunner.access$000(SuiteRunner.java:40)
at org.testng.SuiteRunner$SuiteWorker.run(SuiteRunner.java:489)
at org.testng.internal.thread.ThreadUtil$1.call(ThreadUtil.java:52)
at java.util.concurrent.FutureTask.run(FutureTask.java:266)
at java.util.concurrent.ThreadPoolExecutor.runWorker(ThreadPoolExecutor.java:1149)
at java.util.concurrent.ThreadPoolExecutor$Worker.run(ThreadPoolExecutor.java:624)
at java.lang.Thread.run(Thread.java:748)
]]>
    </failure>
  </testcase> <!-- buildReRunTest -->
  <testcase name="buildCreateTest" time="15.369" classname="io.terminus.dice.project.appci.CicdTest"/>
  <testcase name="showRuntimeEventTest" time="0.000" classname="io.terminus.dice.project.appci.CicdTest">
    <skipped/>
  </testcase> <!-- showRuntimeEventTest -->
</testsuite> <!-- io.terminus.dice.project.appci.CicdTest -->
