<?xml version="1.0" encoding="UTF-8"?>
<!-- Generated by org.testng.reporters.JUnitReportReporter -->
<testsuite skipped="0" hostname="ddydeMacBook-Pro.local" name="io.terminus.dice.project.appmgr.AppMgrTest" tests="4" failures="0" timestamp="08 一月 2019 06:33:22 GMT" time="6.977" errors="0">
  <testcase name="appQueryCurrentTest" time="0.848" classname="io.terminus.dice.project.appmgr.AppMgrTest"/>
  <testcase name="appCreateTest" time="0.580" classname="io.terminus.dice.project.appmgr.AppMgrTest"/>
  <testcase name="appQueryByProIdTest" time="2.820" classname="io.terminus.dice.project.appmgr.AppMgrTest"/>
  <testcase name="appCreateTest" time="2.729" classname="io.terminus.dice.project.appmgr.AppMgrTest"/>
</testsuite> <!-- io.terminus.dice.project.appmgr.AppMgrTest -->
